Performing C SOURCE FILE Test CMAKE_HAVE_LIBC_PTHREAD failed with the following output:
Change Dir: /home/wsy/ospp/test/CMakeFiles/CMakeTmp

Run Build Command(s):/usr/bin/make -f Makefile cmTC_fa014/fast && /usr/bin/make  -f CMakeFiles/cmTC_fa014.dir/build.make CMakeFiles/cmTC_fa014.dir/build
make[1]: 进入目录“/home/wsy/ospp/test/CMakeFiles/CMakeTmp”
Building C object CMakeFiles/cmTC_fa014.dir/src.c.o
/usr/bin/cc -DCMAKE_HAVE_LIBC_PTHREAD   -o CMakeFiles/cmTC_fa014.dir/src.c.o -c /home/wsy/ospp/test/CMakeFiles/CMakeTmp/src.c
Linking C executable cmTC_fa014
/usr/local/bin/cmake -E cmake_link_script CMakeFiles/cmTC_fa014.dir/link.txt --verbose=1
/usr/bin/cc CMakeFiles/cmTC_fa014.dir/src.c.o -o cmTC_fa014 
/usr/bin/ld: CMakeFiles/cmTC_fa014.dir/src.c.o: in function `main':
src.c:(.text+0x3e): undefined reference to `pthread_create'
/usr/bin/ld: src.c:(.text+0x4a): undefined reference to `pthread_detach'
/usr/bin/ld: src.c:(.text+0x56): undefined reference to `pthread_cancel'
/usr/bin/ld: src.c:(.text+0x67): undefined reference to `pthread_join'
collect2: 错误：ld 返回 1
make[1]: *** [CMakeFiles/cmTC_fa014.dir/build.make:99：cmTC_fa014] 错误 1
make[1]: 离开目录“/home/wsy/ospp/test/CMakeFiles/CMakeTmp”
make: *** [Makefile:127：cmTC_fa014/fast] 错误 2


Source file was:
#include <pthread.h>

static void* test_func(void* data)
{
  return data;
}

int main(void)
{
  pthread_t thread;
  pthread_create(&thread, NULL, test_func, NULL);
  pthread_detach(thread);
  pthread_cancel(thread);
  pthread_join(thread, NULL);
  pthread_atfork(NULL, NULL, NULL);
  pthread_exit(NULL);

  return 0;
}

Determining if the function pthread_create exists in the pthreads failed with the following output:
Change Dir: /home/wsy/ospp/test/CMakeFiles/CMakeTmp

Run Build Command(s):/usr/bin/make -f Makefile cmTC_6728c/fast && /usr/bin/make  -f CMakeFiles/cmTC_6728c.dir/build.make CMakeFiles/cmTC_6728c.dir/build
make[1]: 进入目录“/home/wsy/ospp/test/CMakeFiles/CMakeTmp”
Building C object CMakeFiles/cmTC_6728c.dir/CheckFunctionExists.c.o
/usr/bin/cc   -DCHECK_FUNCTION_EXISTS=pthread_create -o CMakeFiles/cmTC_6728c.dir/CheckFunctionExists.c.o -c /usr/local/share/cmake-3.20/Modules/CheckFunctionExists.c
Linking C executable cmTC_6728c
/usr/local/bin/cmake -E cmake_link_script CMakeFiles/cmTC_6728c.dir/link.txt --verbose=1
/usr/bin/cc  -DCHECK_FUNCTION_EXISTS=pthread_create CMakeFiles/cmTC_6728c.dir/CheckFunctionExists.c.o -o cmTC_6728c  -lpthreads 
/usr/bin/ld: 找不到 -lpthreads
collect2: 错误：ld 返回 1
make[1]: *** [CMakeFiles/cmTC_6728c.dir/build.make:99：cmTC_6728c] 错误 1
make[1]: 离开目录“/home/wsy/ospp/test/CMakeFiles/CMakeTmp”
make: *** [Makefile:127：cmTC_6728c/fast] 错误 2



